2019-05-11 15:06:09,890 ERROR A pyre configuration already exists at `/Users/heiseish/Projects/DLPlayground/DawnIntentClassification/.pyre_configuration`.

2019-05-11 15:06:23,248 PROMPT Also initialize a watchman configuration? [Y/n] 
2019-05-11 15:06:24,735 INFO Binary found at `/Users/heiseish/anaconda3/envs/d/bin/pyre.bin`
2019-05-11 15:06:24,736 DEBUG Trying with: `/Users/heiseish/anaconda3/envs/d/lib/python3.7/site-packages/pyre_check/pyre_check/typeshed/`
2019-05-11 15:06:24,736 DEBUG Trying with: `/Users/heiseish/anaconda3/envs/d/lib/python3.7/site-packages/pyre_check/typeshed/`
2019-05-11 15:06:24,736 DEBUG Trying with: `/Users/heiseish/anaconda3/envs/d/lib/python3.7/pyre_check/typeshed/`
2019-05-11 15:06:24,736 DEBUG Trying with: `/Users/heiseish/anaconda3/envs/d/lib/pyre_check/typeshed/`
2019-05-11 15:06:24,736 PROMPT Which directory should pyre be initialized in? (Default: `.`): 
2019-05-11 15:06:26,337 INFO Successfully initialized pyre! You can view the configuration at `/Users/heiseish/Projects/DLPlayground/DawnIntentClassification/.pyre_configuration`.
2019-05-11 15:06:38,930 DEBUG Reading configuration `.pyre_configuration`...
2019-05-11 15:06:38,931 DEBUG Found source_directories: `.`
2019-05-11 15:06:38,932 WARNING Setting up a `.pyre_configuration` with `pyre init` may reduce overhead.

2019-05-11 15:06:38,933 DEBUG Running `/Users/heiseish/anaconda3/envs/d/bin/pyre.bin check -logging-sections parser -project-root /Users/heiseish/Projects/DLPlayground/DawnIntentClassification -filter-directories /Users/heiseish/Projects/DLPlayground/DawnIntentClassification -workers 1 -typeshed /Users/heiseish/anaconda3/envs/d/lib/pyre_check/typeshed/ /Users/heiseish/Projects/DLPlayground/DawnIntentClassification`
2019-05-11 15:06:39,165 INFO Finding type stubs in `/Users/heiseish/Projects/DLPlayground/DawnIntentClassification`...
2019-05-11 15:06:39,170 INFO Finding type stubs in `/Users/heiseish/anaconda3/envs/d/lib/pyre_check/typeshed/stdlib`...
2019-05-11 15:06:39,184 INFO Finding type stubs in `/Users/heiseish/anaconda3/envs/d/lib/pyre_check/typeshed/third_party`...
2019-05-11 15:06:39,285 INFO Parsing 794 stubs and external sources...
2019-05-11 15:06:40,694 PERFORMANCE Stubs parsed: 1.509000s
2019-05-11 15:06:40,775 INFO Parsing 4 sources in `/Users/heiseish/Projects/DLPlayground/DawnIntentClassification`...
2019-05-11 15:06:40,799 PERFORMANCE Sources parsed: 0.081000s
2019-05-11 15:06:40,799 PERFORMANCE Registered ignores: 0.023000s
2019-05-11 15:06:40,799 INFO Adding environment information to shared memory...
2019-05-11 15:06:40,800 PERFORMANCE Added environment to shared memory: 0.000000s
2019-05-11 15:06:40,900 INFO Building type environment...
2019-05-11 15:06:42,602 PERFORMANCE Full environment built: 1.801000s
2019-05-11 15:06:42,625 MEMORY Shared memory size (size: 15)
2019-05-11 15:06:42,626 PERFORMANCE Filtered directories: 0.022000s
2019-05-11 15:06:42,627 INFO Checking 4 sources...
2019-05-11 15:06:42,705 INFO Running check `TypeCheck`...
2019-05-11 15:06:42,706 INFO Processed 4 of 4 sources
2019-05-11 15:06:42,706 PERFORMANCE Check_TypeCheck: 0.080000s
2019-05-11 15:06:42,728 PERFORMANCE Analyzed sources: 0.080000s
2019-05-11 15:06:42,738 PERFORMANCE Postprocessed: 0.023000s
2019-05-11 15:06:42,751 PERFORMANCE Check: 3.601000s
2019-05-11 15:06:42,753 ERROR Found 18 type errors!

2019-05-11 15:07:08,400 DEBUG Reading configuration `.pyre_configuration`...
2019-05-11 15:07:08,400 DEBUG Found source_directories: `.`
2019-05-11 15:07:08,401 WARNING Setting up a `.pyre_configuration` with `pyre init` may reduce overhead.

2019-05-11 15:07:08,401 ERROR `/Users/heiseish/Projects/DLPlayground/DawnIntentClassification/src/preprocess/extract.py` is not a link tree.

2019-05-11 15:07:27,642 DEBUG Reading configuration `.pyre_configuration`...
2019-05-11 15:07:27,642 DEBUG Found source_directories: `.`
2019-05-11 15:07:27,643 WARNING Setting up a `.pyre_configuration` with `pyre init` may reduce overhead.

2019-05-11 15:07:27,643 DEBUG Running `/Users/heiseish/anaconda3/envs/d/bin/pyre.bin check -logging-sections parser -project-root /Users/heiseish/Projects/DLPlayground/DawnIntentClassification -filter-directories /Users/heiseish/Projects/DLPlayground/DawnIntentClassification/src/preprocess -workers 1 -typeshed /Users/heiseish/anaconda3/envs/d/lib/pyre_check/typeshed/ /Users/heiseish/Projects/DLPlayground/DawnIntentClassification/src/preprocess`
2019-05-11 15:07:27,682 INFO Finding type stubs in `/Users/heiseish/Projects/DLPlayground/DawnIntentClassification/src/preprocess`...
2019-05-11 15:07:27,688 INFO Finding type stubs in `/Users/heiseish/anaconda3/envs/d/lib/pyre_check/typeshed/stdlib`...
2019-05-11 15:07:27,704 INFO Finding type stubs in `/Users/heiseish/anaconda3/envs/d/lib/pyre_check/typeshed/third_party`...
2019-05-11 15:07:27,804 INFO Parsing 794 stubs and external sources...
2019-05-11 15:07:28,605 PERFORMANCE Stubs parsed: 0.891000s
2019-05-11 15:07:28,655 INFO Parsing 1 sources in `/Users/heiseish/Projects/DLPlayground/DawnIntentClassification/src/preprocess`...
2019-05-11 15:07:28,677 PERFORMANCE Sources parsed: 0.050000s
2019-05-11 15:07:28,677 PERFORMANCE Registered ignores: 0.021000s
2019-05-11 15:07:28,678 INFO Adding environment information to shared memory...
2019-05-11 15:07:28,678 PERFORMANCE Added environment to shared memory: 0.000000s
2019-05-11 15:07:28,780 INFO Building type environment...
2019-05-11 15:07:30,472 PERFORMANCE Full environment built: 1.794000s
2019-05-11 15:07:30,493 MEMORY Shared memory size (size: 15)
2019-05-11 15:07:30,493 PERFORMANCE Filtered directories: 0.021000s
2019-05-11 15:07:30,494 INFO Checking 1 sources...
2019-05-11 15:07:30,559 INFO Running check `TypeCheck`...
2019-05-11 15:07:30,560 INFO Processed 1 of 1 sources
2019-05-11 15:07:30,560 PERFORMANCE Check_TypeCheck: 0.066000s
2019-05-11 15:07:30,582 PERFORMANCE Analyzed sources: 0.066000s
2019-05-11 15:07:30,594 PERFORMANCE Postprocessed: 0.022000s
2019-05-11 15:07:30,608 PERFORMANCE Check: 2.922000s
2019-05-11 15:07:30,609 ERROR Found 5 type errors!

2019-05-12 14:27:28,775 DEBUG Reading configuration `.pyre_configuration`...
2019-05-12 14:27:28,776 DEBUG Found source_directories: `.`
2019-05-12 14:27:28,777 WARNING Setting up a `.pyre_configuration` with `pyre init` may reduce overhead.

2019-05-12 14:27:28,777 DEBUG Running `/Users/heiseish/anaconda3/envs/d/bin/pyre.bin check -logging-sections parser -project-root /Users/heiseish/Projects/DLPlayground/DawnIntentClassification -filter-directories /Users/heiseish/Projects/DLPlayground/DawnIntentClassification/src -workers 1 -typeshed /Users/heiseish/anaconda3/envs/d/lib/pyre_check/typeshed/ /Users/heiseish/Projects/DLPlayground/DawnIntentClassification/src`
2019-05-12 14:27:28,829 INFO Finding type stubs in `/Users/heiseish/Projects/DLPlayground/DawnIntentClassification/src`...
2019-05-12 14:27:28,835 INFO Finding type stubs in `/Users/heiseish/anaconda3/envs/d/lib/pyre_check/typeshed/stdlib`...
2019-05-12 14:27:28,851 INFO Finding type stubs in `/Users/heiseish/anaconda3/envs/d/lib/pyre_check/typeshed/third_party`...
2019-05-12 14:27:28,955 INFO Parsing 794 stubs and external sources...
2019-05-12 14:27:29,695 PERFORMANCE Stubs parsed: 0.853000s
2019-05-12 14:27:29,783 INFO Parsing 8 sources in `/Users/heiseish/Projects/DLPlayground/DawnIntentClassification/src`...
2019-05-12 14:27:29,806 PERFORMANCE Sources parsed: 0.088000s
2019-05-12 14:27:29,806 PERFORMANCE Registered ignores: 0.022000s
2019-05-12 14:27:29,807 INFO Adding environment information to shared memory...
2019-05-12 14:27:29,807 PERFORMANCE Added environment to shared memory: 0.000000s
2019-05-12 14:27:29,907 INFO Building type environment...
2019-05-12 14:27:31,610 PERFORMANCE Full environment built: 1.801000s
2019-05-12 14:27:31,632 MEMORY Shared memory size (size: 15)
2019-05-12 14:27:31,632 PERFORMANCE Filtered directories: 0.021000s
2019-05-12 14:27:31,632 INFO Checking 8 sources...
2019-05-12 14:27:31,714 INFO Running check `TypeCheck`...
2019-05-12 14:27:31,714 INFO Processed 8 of 8 sources
2019-05-12 14:27:31,715 PERFORMANCE Check_TypeCheck: 0.081000s
2019-05-12 14:27:31,735 PERFORMANCE Analyzed sources: 0.081000s
2019-05-12 14:27:31,746 PERFORMANCE Postprocessed: 0.021000s
2019-05-12 14:27:31,761 PERFORMANCE Check: 2.940000s
2019-05-12 14:27:31,763 ERROR Found 26 type errors!

